Timing Analyzer report for Counter_lab6_74ls93
Sat Jul 06 11:20:37 2024
Quartus Prime Version 20.1.1 Build 720 11/11/2020 SJ Lite Edition


---------------------
; Table of Contents ;
---------------------
  1. Legal Notice
  2. Timing Analyzer Summary
  3. Parallel Compilation
  4. Clocks
  5. Slow 1100mV 85C Model Fmax Summary
  6. Timing Closure Recommendations
  7. Slow 1100mV 85C Model Setup Summary
  8. Slow 1100mV 85C Model Hold Summary
  9. Slow 1100mV 85C Model Recovery Summary
 10. Slow 1100mV 85C Model Removal Summary
 11. Slow 1100mV 85C Model Minimum Pulse Width Summary
 12. Slow 1100mV 85C Model Metastability Summary
 13. Slow 1100mV 0C Model Fmax Summary
 14. Slow 1100mV 0C Model Setup Summary
 15. Slow 1100mV 0C Model Hold Summary
 16. Slow 1100mV 0C Model Recovery Summary
 17. Slow 1100mV 0C Model Removal Summary
 18. Slow 1100mV 0C Model Minimum Pulse Width Summary
 19. Slow 1100mV 0C Model Metastability Summary
 20. Fast 1100mV 85C Model Setup Summary
 21. Fast 1100mV 85C Model Hold Summary
 22. Fast 1100mV 85C Model Recovery Summary
 23. Fast 1100mV 85C Model Removal Summary
 24. Fast 1100mV 85C Model Minimum Pulse Width Summary
 25. Fast 1100mV 85C Model Metastability Summary
 26. Fast 1100mV 0C Model Setup Summary
 27. Fast 1100mV 0C Model Hold Summary
 28. Fast 1100mV 0C Model Recovery Summary
 29. Fast 1100mV 0C Model Removal Summary
 30. Fast 1100mV 0C Model Minimum Pulse Width Summary
 31. Fast 1100mV 0C Model Metastability Summary
 32. Multicorner Timing Analysis Summary
 33. Board Trace Model Assignments
 34. Input Transition Times
 35. Signal Integrity Metrics (Slow 1100mv 0c Model)
 36. Signal Integrity Metrics (Slow 1100mv 85c Model)
 37. Signal Integrity Metrics (Fast 1100mv 0c Model)
 38. Signal Integrity Metrics (Fast 1100mv 85c Model)
 39. Setup Transfers
 40. Hold Transfers
 41. Recovery Transfers
 42. Removal Transfers
 43. Report TCCS
 44. Report RSKM
 45. Unconstrained Paths Summary
 46. Clock Status Summary
 47. Unconstrained Output Ports
 48. Unconstrained Output Ports
 49. Timing Analyzer Messages



----------------
; Legal Notice ;
----------------
Copyright (C) 2020  Intel Corporation. All rights reserved.
Your use of Intel Corporation's design tools, logic functions 
and other software and tools, and any partner logic 
functions, and any output files from any of the foregoing 
(including device programming or simulation files), and any 
associated documentation or information are expressly subject 
to the terms and conditions of the Intel Program License 
Subscription Agreement, the Intel Quartus Prime License Agreement,
the Intel FPGA IP License Agreement, or other applicable license
agreement, including, without limitation, that your use is for
the sole purpose of programming logic devices manufactured by
Intel and sold by Intel or its authorized distributors.  Please
refer to the applicable agreement for further details, at
https://fpgasoftware.intel.com/eula.



+-----------------------------------------------------------------------------+
; Timing Analyzer Summary                                                     ;
+-----------------------+-----------------------------------------------------+
; Quartus Prime Version ; Version 20.1.1 Build 720 11/11/2020 SJ Lite Edition ;
; Timing Analyzer       ; Legacy Timing Analyzer                              ;
; Revision Name         ; Counter_lab6_74ls93                                 ;
; Device Family         ; Cyclone V                                           ;
; Device Name           ; 5CGXFC7C7F23C8                                      ;
; Timing Models         ; Final                                               ;
; Delay Model           ; Combined                                            ;
; Rise/Fall Delays      ; Enabled                                             ;
+-----------------------+-----------------------------------------------------+


+------------------------------------------+
; Parallel Compilation                     ;
+----------------------------+-------------+
; Processors                 ; Number      ;
+----------------------------+-------------+
; Number detected on machine ; 8           ;
; Maximum allowed            ; 4           ;
;                            ;             ;
; Average used               ; 1.02        ;
; Maximum used               ; 4           ;
;                            ;             ;
; Usage by Processor         ; % Time Used ;
;     Processor 1            ; 100.0%      ;
;     Processor 2            ;   1.1%      ;
;     Processor 3            ;   1.1%      ;
;     Processor 4            ;   0.2%      ;
+----------------------------+-------------+


+--------------------------------------------------------------------------------------------------------------------------------------------------------------------------------------------------------------------------+
; Clocks                                                                                                                                                                                                                   ;
+-----------------------------+------+--------+------------+-------+-------+------------+-----------+-------------+-------+--------+-----------+------------+----------+--------+--------+---------------------------------+
; Clock Name                  ; Type ; Period ; Frequency  ; Rise  ; Fall  ; Duty Cycle ; Divide by ; Multiply by ; Phase ; Offset ; Edge List ; Edge Shift ; Inverted ; Master ; Source ; Targets                         ;
+-----------------------------+------+--------+------------+-------+-------+------------+-----------+-------------+-------+--------+-----------+------------+----------+--------+--------+---------------------------------+
; InvCp0                      ; Base ; 1.000  ; 1000.0 MHz ; 0.000 ; 0.500 ;            ;           ;             ;       ;        ;           ;            ;          ;        ;        ; { InvCp0 }                      ;
; JK_flipflop:mod2_counter|Q  ; Base ; 1.000  ; 1000.0 MHz ; 0.000 ; 0.500 ;            ;           ;             ;       ;        ;           ;            ;          ;        ;        ; { JK_flipflop:mod2_counter|Q }  ;
; JK_flipflop:mod8_counter1|Q ; Base ; 1.000  ; 1000.0 MHz ; 0.000 ; 0.500 ;            ;           ;             ;       ;        ;           ;            ;          ;        ;        ; { JK_flipflop:mod8_counter1|Q } ;
; JK_flipflop:mod8_counter2|Q ; Base ; 1.000  ; 1000.0 MHz ; 0.000 ; 0.500 ;            ;           ;             ;       ;        ;           ;            ;          ;        ;        ; { JK_flipflop:mod8_counter2|Q } ;
+-----------------------------+------+--------+------------+-------+-------+------------+-----------+-------------+-------+--------+-----------+------------+----------+--------+--------+---------------------------------+


+-------------------------------------------------------------------+
; Slow 1100mV 85C Model Fmax Summary                                ;
+------------+-----------------+-----------------------------+------+
; Fmax       ; Restricted Fmax ; Clock Name                  ; Note ;
+------------+-----------------+-----------------------------+------+
; 423.73 MHz ; 423.73 MHz      ; JK_flipflop:mod8_counter2|Q ;      ;
+------------+-----------------+-----------------------------+------+
This panel reports FMAX for every clock in the design, regardless of the user-specified clock periods.  FMAX is only computed for paths where the source and destination registers or ports are driven by the same clock.  Paths of different clocks, including generated clocks, are ignored.  For paths between a clock and its inversion, FMAX is computed as if the rising and falling edges are scaled along with FMAX, such that the duty cycle (in terms of a percentage) is maintained. Altera recommends that you always use clock constraints and other slack reports for sign-off analysis.


----------------------------------
; Timing Closure Recommendations ;
----------------------------------
HTML report is unavailable in plain text report export.


+------------------------------------------------------+
; Slow 1100mV 85C Model Setup Summary                  ;
+-----------------------------+--------+---------------+
; Clock                       ; Slack  ; End Point TNS ;
+-----------------------------+--------+---------------+
; InvCp0                      ; -3.408 ; -3.408        ;
; JK_flipflop:mod2_counter|Q  ; -2.178 ; -2.178        ;
; JK_flipflop:mod8_counter1|Q ; -2.115 ; -2.115        ;
; JK_flipflop:mod8_counter2|Q ; -1.360 ; -1.360        ;
+-----------------------------+--------+---------------+


+-----------------------------------------------------+
; Slow 1100mV 85C Model Hold Summary                  ;
+-----------------------------+-------+---------------+
; Clock                       ; Slack ; End Point TNS ;
+-----------------------------+-------+---------------+
; JK_flipflop:mod8_counter2|Q ; 0.506 ; 0.000         ;
; JK_flipflop:mod8_counter1|Q ; 0.557 ; 0.000         ;
; JK_flipflop:mod2_counter|Q  ; 0.619 ; 0.000         ;
; InvCp0                      ; 1.253 ; 0.000         ;
+-----------------------------+-------+---------------+


+------------------------------------------------------+
; Slow 1100mV 85C Model Recovery Summary               ;
+-----------------------------+--------+---------------+
; Clock                       ; Slack  ; End Point TNS ;
+-----------------------------+--------+---------------+
; JK_flipflop:mod8_counter2|Q ; -5.504 ; -5.504        ;
; JK_flipflop:mod8_counter1|Q ; -3.535 ; -3.535        ;
; InvCp0                      ; -3.471 ; -3.471        ;
; JK_flipflop:mod2_counter|Q  ; -3.373 ; -3.373        ;
+-----------------------------+--------+---------------+


+-----------------------------------------------------+
; Slow 1100mV 85C Model Removal Summary               ;
+-----------------------------+-------+---------------+
; Clock                       ; Slack ; End Point TNS ;
+-----------------------------+-------+---------------+
; InvCp0                      ; 1.239 ; 0.000         ;
; JK_flipflop:mod2_counter|Q  ; 1.829 ; 0.000         ;
; JK_flipflop:mod8_counter1|Q ; 2.018 ; 0.000         ;
; JK_flipflop:mod8_counter2|Q ; 3.858 ; 0.000         ;
+-----------------------------+-------+---------------+


+------------------------------------------------------+
; Slow 1100mV 85C Model Minimum Pulse Width Summary    ;
+-----------------------------+--------+---------------+
; Clock                       ; Slack  ; End Point TNS ;
+-----------------------------+--------+---------------+
; JK_flipflop:mod8_counter1|Q ; -0.724 ; -1.288        ;
; JK_flipflop:mod8_counter2|Q ; -0.724 ; -1.270        ;
; InvCp0                      ; -0.724 ; -1.208        ;
; JK_flipflop:mod2_counter|Q  ; -0.724 ; -1.197        ;
+-----------------------------+--------+---------------+


-----------------------------------------------
; Slow 1100mV 85C Model Metastability Summary ;
-----------------------------------------------
No synchronizer chains to report.


+-------------------------------------------------------------------+
; Slow 1100mV 0C Model Fmax Summary                                 ;
+------------+-----------------+-----------------------------+------+
; Fmax       ; Restricted Fmax ; Clock Name                  ; Note ;
+------------+-----------------+-----------------------------+------+
; 438.79 MHz ; 438.79 MHz      ; JK_flipflop:mod8_counter2|Q ;      ;
+------------+-----------------+-----------------------------+------+
This panel reports FMAX for every clock in the design, regardless of the user-specified clock periods.  FMAX is only computed for paths where the source and destination registers or ports are driven by the same clock.  Paths of different clocks, including generated clocks, are ignored.  For paths between a clock and its inversion, FMAX is computed as if the rising and falling edges are scaled along with FMAX, such that the duty cycle (in terms of a percentage) is maintained. Altera recommends that you always use clock constraints and other slack reports for sign-off analysis.


+------------------------------------------------------+
; Slow 1100mV 0C Model Setup Summary                   ;
+-----------------------------+--------+---------------+
; Clock                       ; Slack  ; End Point TNS ;
+-----------------------------+--------+---------------+
; InvCp0                      ; -3.079 ; -3.079        ;
; JK_flipflop:mod8_counter1|Q ; -2.194 ; -2.194        ;
; JK_flipflop:mod2_counter|Q  ; -2.074 ; -2.074        ;
; JK_flipflop:mod8_counter2|Q ; -1.279 ; -1.279        ;
+-----------------------------+--------+---------------+


+-----------------------------------------------------+
; Slow 1100mV 0C Model Hold Summary                   ;
+-----------------------------+-------+---------------+
; Clock                       ; Slack ; End Point TNS ;
+-----------------------------+-------+---------------+
; JK_flipflop:mod2_counter|Q  ; 0.527 ; 0.000         ;
; JK_flipflop:mod8_counter2|Q ; 0.584 ; 0.000         ;
; JK_flipflop:mod8_counter1|Q ; 0.710 ; 0.000         ;
; InvCp0                      ; 0.970 ; 0.000         ;
+-----------------------------+-------+---------------+


+------------------------------------------------------+
; Slow 1100mV 0C Model Recovery Summary                ;
+-----------------------------+--------+---------------+
; Clock                       ; Slack  ; End Point TNS ;
+-----------------------------+--------+---------------+
; JK_flipflop:mod8_counter2|Q ; -5.311 ; -5.311        ;
; JK_flipflop:mod8_counter1|Q ; -3.302 ; -3.302        ;
; InvCp0                      ; -3.174 ; -3.174        ;
; JK_flipflop:mod2_counter|Q  ; -3.062 ; -3.062        ;
+-----------------------------+--------+---------------+


+-----------------------------------------------------+
; Slow 1100mV 0C Model Removal Summary                ;
+-----------------------------+-------+---------------+
; Clock                       ; Slack ; End Point TNS ;
+-----------------------------+-------+---------------+
; InvCp0                      ; 0.938 ; 0.000         ;
; JK_flipflop:mod2_counter|Q  ; 1.791 ; 0.000         ;
; JK_flipflop:mod8_counter1|Q ; 2.064 ; 0.000         ;
; JK_flipflop:mod8_counter2|Q ; 3.738 ; 0.000         ;
+-----------------------------+-------+---------------+


+------------------------------------------------------+
; Slow 1100mV 0C Model Minimum Pulse Width Summary     ;
+-----------------------------+--------+---------------+
; Clock                       ; Slack  ; End Point TNS ;
+-----------------------------+--------+---------------+
; JK_flipflop:mod8_counter1|Q ; -0.724 ; -1.188        ;
; JK_flipflop:mod8_counter2|Q ; -0.724 ; -1.149        ;
; InvCp0                      ; -0.724 ; -1.113        ;
; JK_flipflop:mod2_counter|Q  ; -0.724 ; -1.110        ;
+-----------------------------+--------+---------------+


----------------------------------------------
; Slow 1100mV 0C Model Metastability Summary ;
----------------------------------------------
No synchronizer chains to report.


+------------------------------------------------------+
; Fast 1100mV 85C Model Setup Summary                  ;
+-----------------------------+--------+---------------+
; Clock                       ; Slack  ; End Point TNS ;
+-----------------------------+--------+---------------+
; InvCp0                      ; -1.640 ; -1.640        ;
; JK_flipflop:mod2_counter|Q  ; -0.936 ; -0.936        ;
; JK_flipflop:mod8_counter1|Q ; -0.753 ; -0.753        ;
; JK_flipflop:mod8_counter2|Q ; -0.151 ; -0.151        ;
+-----------------------------+--------+---------------+


+-----------------------------------------------------+
; Fast 1100mV 85C Model Hold Summary                  ;
+-----------------------------+-------+---------------+
; Clock                       ; Slack ; End Point TNS ;
+-----------------------------+-------+---------------+
; JK_flipflop:mod8_counter1|Q ; 0.002 ; 0.000         ;
; JK_flipflop:mod2_counter|Q  ; 0.091 ; 0.000         ;
; JK_flipflop:mod8_counter2|Q ; 0.265 ; 0.000         ;
; InvCp0                      ; 0.656 ; 0.000         ;
+-----------------------------+-------+---------------+


+------------------------------------------------------+
; Fast 1100mV 85C Model Recovery Summary               ;
+-----------------------------+--------+---------------+
; Clock                       ; Slack  ; End Point TNS ;
+-----------------------------+--------+---------------+
; JK_flipflop:mod8_counter2|Q ; -2.761 ; -2.761        ;
; InvCp0                      ; -1.527 ; -1.527        ;
; JK_flipflop:mod8_counter1|Q ; -1.526 ; -1.526        ;
; JK_flipflop:mod2_counter|Q  ; -1.454 ; -1.454        ;
+-----------------------------+--------+---------------+


+-----------------------------------------------------+
; Fast 1100mV 85C Model Removal Summary               ;
+-----------------------------+-------+---------------+
; Clock                       ; Slack ; End Point TNS ;
+-----------------------------+-------+---------------+
; InvCp0                      ; 0.083 ; 0.000         ;
; JK_flipflop:mod2_counter|Q  ; 0.506 ; 0.000         ;
; JK_flipflop:mod8_counter1|Q ; 0.589 ; 0.000         ;
; JK_flipflop:mod8_counter2|Q ; 1.746 ; 0.000         ;
+-----------------------------+-------+---------------+


+------------------------------------------------------+
; Fast 1100mV 85C Model Minimum Pulse Width Summary    ;
+-----------------------------+--------+---------------+
; Clock                       ; Slack  ; End Point TNS ;
+-----------------------------+--------+---------------+
; InvCp0                      ; -0.185 ; -0.185        ;
; JK_flipflop:mod8_counter1|Q ; 0.092  ; 0.000         ;
; JK_flipflop:mod8_counter2|Q ; 0.134  ; 0.000         ;
; JK_flipflop:mod2_counter|Q  ; 0.136  ; 0.000         ;
+-----------------------------+--------+---------------+


-----------------------------------------------
; Fast 1100mV 85C Model Metastability Summary ;
-----------------------------------------------
No synchronizer chains to report.


+------------------------------------------------------+
; Fast 1100mV 0C Model Setup Summary                   ;
+-----------------------------+--------+---------------+
; Clock                       ; Slack  ; End Point TNS ;
+-----------------------------+--------+---------------+
; InvCp0                      ; -1.223 ; -1.223        ;
; JK_flipflop:mod2_counter|Q  ; -0.839 ; -0.839        ;
; JK_flipflop:mod8_counter1|Q ; -0.709 ; -0.709        ;
; JK_flipflop:mod8_counter2|Q ; -0.095 ; -0.095        ;
+-----------------------------+--------+---------------+


+------------------------------------------------------+
; Fast 1100mV 0C Model Hold Summary                    ;
+-----------------------------+--------+---------------+
; Clock                       ; Slack  ; End Point TNS ;
+-----------------------------+--------+---------------+
; JK_flipflop:mod8_counter1|Q ; -0.005 ; -0.005        ;
; JK_flipflop:mod2_counter|Q  ; 0.036  ; 0.000         ;
; JK_flipflop:mod8_counter2|Q ; 0.251  ; 0.000         ;
; InvCp0                      ; 0.315  ; 0.000         ;
+-----------------------------+--------+---------------+


+------------------------------------------------------+
; Fast 1100mV 0C Model Recovery Summary                ;
+-----------------------------+--------+---------------+
; Clock                       ; Slack  ; End Point TNS ;
+-----------------------------+--------+---------------+
; JK_flipflop:mod8_counter2|Q ; -2.328 ; -2.328        ;
; JK_flipflop:mod8_counter1|Q ; -1.341 ; -1.341        ;
; JK_flipflop:mod2_counter|Q  ; -1.265 ; -1.265        ;
; InvCp0                      ; -1.061 ; -1.061        ;
+-----------------------------+--------+---------------+


+------------------------------------------------------+
; Fast 1100mV 0C Model Removal Summary                 ;
+-----------------------------+--------+---------------+
; Clock                       ; Slack  ; End Point TNS ;
+-----------------------------+--------+---------------+
; InvCp0                      ; -0.132 ; -0.132        ;
; JK_flipflop:mod2_counter|Q  ; 0.414  ; 0.000         ;
; JK_flipflop:mod8_counter1|Q ; 0.499  ; 0.000         ;
; JK_flipflop:mod8_counter2|Q ; 1.559  ; 0.000         ;
+-----------------------------+--------+---------------+


+------------------------------------------------------+
; Fast 1100mV 0C Model Minimum Pulse Width Summary     ;
+-----------------------------+--------+---------------+
; Clock                       ; Slack  ; End Point TNS ;
+-----------------------------+--------+---------------+
; InvCp0                      ; -0.231 ; -0.231        ;
; JK_flipflop:mod8_counter1|Q ; 0.112  ; 0.000         ;
; JK_flipflop:mod8_counter2|Q ; 0.151  ; 0.000         ;
; JK_flipflop:mod2_counter|Q  ; 0.160  ; 0.000         ;
+-----------------------------+--------+---------------+


----------------------------------------------
; Fast 1100mV 0C Model Metastability Summary ;
----------------------------------------------
No synchronizer chains to report.


+-------------------------------------------------------------------------------------------+
; Multicorner Timing Analysis Summary                                                       ;
+------------------------------+--------+--------+----------+---------+---------------------+
; Clock                        ; Setup  ; Hold   ; Recovery ; Removal ; Minimum Pulse Width ;
+------------------------------+--------+--------+----------+---------+---------------------+
; Worst-case Slack             ; -3.408 ; -0.005 ; -5.504   ; -0.132  ; -0.724              ;
;  InvCp0                      ; -3.408 ; 0.315  ; -3.471   ; -0.132  ; -0.724              ;
;  JK_flipflop:mod2_counter|Q  ; -2.178 ; 0.036  ; -3.373   ; 0.414   ; -0.724              ;
;  JK_flipflop:mod8_counter1|Q ; -2.194 ; -0.005 ; -3.535   ; 0.499   ; -0.724              ;
;  JK_flipflop:mod8_counter2|Q ; -1.360 ; 0.251  ; -5.504   ; 1.559   ; -0.724              ;
; Design-wide TNS              ; -9.061 ; -0.005 ; -15.883  ; -0.132  ; -4.963              ;
;  InvCp0                      ; -3.408 ; 0.000  ; -3.471   ; -0.132  ; -1.208              ;
;  JK_flipflop:mod2_counter|Q  ; -2.178 ; 0.000  ; -3.373   ; 0.000   ; -1.197              ;
;  JK_flipflop:mod8_counter1|Q ; -2.194 ; -0.005 ; -3.535   ; 0.000   ; -1.288              ;
;  JK_flipflop:mod8_counter2|Q ; -1.360 ; 0.000  ; -5.504   ; 0.000   ; -1.270              ;
+------------------------------+--------+--------+----------+---------+---------------------+


+--------------------------------------------------------------------------------------------------------------------------------------------------------------------------------------------------------------------------------------------------------------------------------------------------------------------------------------------------------------------------------------------------------+
; Board Trace Model Assignments                                                                                                                                                                                                                                                                                                                                                                          ;
+-----+--------------+-------------------+-------------------------+-------------------------+---------------+---------------------+----------------+------------------+--------+------------------+------------------------+------------------------+--------------+---------------+-----------------+-------+---------------------+--------------------+---------------+-----------------+-------------+
; Pin ; I/O Standard ; Near Tline Length ; Near Tline L per Length ; Near Tline C per Length ; Near Series R ; Near Differential R ; Near Pull-up R ; Near Pull-down R ; Near C ; Far Tline Length ; Far Tline L per Length ; Far Tline C per Length ; Far Series R ; Far Pull-up R ; Far Pull-down R ; Far C ; Termination Voltage ; Far Differential R ; EBD File Name ; EBD Signal Name ; EBD Far-end ;
+-----+--------------+-------------------+-------------------------+-------------------------+---------------+---------------------+----------------+------------------+--------+------------------+------------------------+------------------------+--------------+---------------+-----------------+-------+---------------------+--------------------+---------------+-----------------+-------------+
; Q0  ; 2.5 V        ; 0 in              ; 0 H/in                  ; 0 F/in                  ; short         ; -                   ; open           ; open             ; open   ; 0 in             ; 0 H/in                 ; 0 F/in                 ; short        ; open          ; open            ; open  ; 0 V                 ; -                  ; n/a           ; n/a             ; n/a         ;
; Q1  ; 2.5 V        ; 0 in              ; 0 H/in                  ; 0 F/in                  ; short         ; -                   ; open           ; open             ; open   ; 0 in             ; 0 H/in                 ; 0 F/in                 ; short        ; open          ; open            ; open  ; 0 V                 ; -                  ; n/a           ; n/a             ; n/a         ;
; Q2  ; 2.5 V        ; 0 in              ; 0 H/in                  ; 0 F/in                  ; short         ; -                   ; open           ; open             ; open   ; 0 in             ; 0 H/in                 ; 0 F/in                 ; short        ; open          ; open            ; open  ; 0 V                 ; -                  ; n/a           ; n/a             ; n/a         ;
; Q3  ; 2.5 V        ; 0 in              ; 0 H/in                  ; 0 F/in                  ; short         ; -                   ; open           ; open             ; open   ; 0 in             ; 0 H/in                 ; 0 F/in                 ; short        ; open          ; open            ; open  ; 0 V                 ; -                  ; n/a           ; n/a             ; n/a         ;
+-----+--------------+-------------------+-------------------------+-------------------------+---------------+---------------------+----------------+------------------+--------+------------------+------------------------+------------------------+--------------+---------------+-----------------+-------+---------------------+--------------------+---------------+-----------------+-------------+


+-----------------------------------------------------------+
; Input Transition Times                                    ;
+--------+--------------+-----------------+-----------------+
; Pin    ; I/O Standard ; 10-90 Rise Time ; 90-10 Fall Time ;
+--------+--------------+-----------------+-----------------+
; InvCp0 ; 2.5 V        ; 2000 ps         ; 2000 ps         ;
+--------+--------------+-----------------+-----------------+


+----------------------------------------------------------------------------------------------------------------------------------------------------------------------------------------------------------------------------------------------------------------------------------------------------------------------------------------------------------------------------------------------------------------------------------------------------------------------------------------------------------------------------------------------------------------------------------------------------------------------------------------------------------------------------------+
; Signal Integrity Metrics (Slow 1100mv 0c Model)                                                                                                                                                                                                                                                                                                                                                                                                                                                                                                                                                                                                                                  ;
+-----+--------------+---------------------+---------------------+------------------------------+------------------------------+---------------------+---------------------+--------------------------------------+--------------------------------------+-----------------------------+-----------------------------+----------------------------+----------------------------+-----------------------------+-----------------------------+--------------------+--------------------+-------------------------------------+-------------------------------------+----------------------------+----------------------------+---------------------------+---------------------------+
; Pin ; I/O Standard ; Board Delay on Rise ; Board Delay on Fall ; Steady State Voh at FPGA Pin ; Steady State Vol at FPGA Pin ; Voh Max at FPGA Pin ; Vol Min at FPGA Pin ; Ringback Voltage on Rise at FPGA Pin ; Ringback Voltage on Fall at FPGA Pin ; 10-90 Rise Time at FPGA Pin ; 90-10 Fall Time at FPGA Pin ; Monotonic Rise at FPGA Pin ; Monotonic Fall at FPGA Pin ; Steady State Voh at Far-end ; Steady State Vol at Far-end ; Voh Max at Far-end ; Vol Min at Far-end ; Ringback Voltage on Rise at Far-end ; Ringback Voltage on Fall at Far-end ; 10-90 Rise Time at Far-end ; 90-10 Fall Time at Far-end ; Monotonic Rise at Far-end ; Monotonic Fall at Far-end ;
+-----+--------------+---------------------+---------------------+------------------------------+------------------------------+---------------------+---------------------+--------------------------------------+--------------------------------------+-----------------------------+-----------------------------+----------------------------+----------------------------+-----------------------------+-----------------------------+--------------------+--------------------+-------------------------------------+-------------------------------------+----------------------------+----------------------------+---------------------------+---------------------------+
; Q0  ; 2.5 V        ; 0 s                 ; 0 s                 ; 2.32 V                       ; 6.72e-08 V                   ; 2.4 V               ; -0.0409 V           ; 0.192 V                              ; 0.125 V                              ; 4.59e-10 s                  ; 4.54e-10 s                  ; No                         ; Yes                        ; 2.32 V                      ; 6.72e-08 V                  ; 2.4 V              ; -0.0409 V          ; 0.192 V                             ; 0.125 V                             ; 4.59e-10 s                 ; 4.54e-10 s                 ; No                        ; Yes                       ;
; Q1  ; 2.5 V        ; 0 s                 ; 0 s                 ; 2.32 V                       ; 6.86e-08 V                   ; 2.4 V               ; -0.0326 V           ; 0.227 V                              ; 0.16 V                               ; 4.73e-10 s                  ; 4.78e-10 s                  ; No                         ; Yes                        ; 2.32 V                      ; 6.86e-08 V                  ; 2.4 V              ; -0.0326 V          ; 0.227 V                             ; 0.16 V                              ; 4.73e-10 s                 ; 4.78e-10 s                 ; No                        ; Yes                       ;
; Q2  ; 2.5 V        ; 0 s                 ; 0 s                 ; 2.32 V                       ; 5.91e-08 V                   ; 2.35 V              ; -0.0136 V           ; 0.17 V                               ; 0.118 V                              ; 4.69e-10 s                  ; 4.63e-10 s                  ; Yes                        ; Yes                        ; 2.32 V                      ; 5.91e-08 V                  ; 2.35 V             ; -0.0136 V          ; 0.17 V                              ; 0.118 V                             ; 4.69e-10 s                 ; 4.63e-10 s                 ; Yes                       ; Yes                       ;
; Q3  ; 2.5 V        ; 0 s                 ; 0 s                 ; 2.32 V                       ; 6.72e-08 V                   ; 2.4 V               ; -0.041 V            ; 0.19 V                               ; 0.126 V                              ; 4.59e-10 s                  ; 4.54e-10 s                  ; No                         ; Yes                        ; 2.32 V                      ; 6.72e-08 V                  ; 2.4 V              ; -0.041 V           ; 0.19 V                              ; 0.126 V                             ; 4.59e-10 s                 ; 4.54e-10 s                 ; No                        ; Yes                       ;
+-----+--------------+---------------------+---------------------+------------------------------+------------------------------+---------------------+---------------------+--------------------------------------+--------------------------------------+-----------------------------+-----------------------------+----------------------------+----------------------------+-----------------------------+-----------------------------+--------------------+--------------------+-------------------------------------+-------------------------------------+----------------------------+----------------------------+---------------------------+---------------------------+


+----------------------------------------------------------------------------------------------------------------------------------------------------------------------------------------------------------------------------------------------------------------------------------------------------------------------------------------------------------------------------------------------------------------------------------------------------------------------------------------------------------------------------------------------------------------------------------------------------------------------------------------------------------------------------------+
; Signal Integrity Metrics (Slow 1100mv 85c Model)                                                                                                                                                                                                                                                                                                                                                                                                                                                                                                                                                                                                                                 ;
+-----+--------------+---------------------+---------------------+------------------------------+------------------------------+---------------------+---------------------+--------------------------------------+--------------------------------------+-----------------------------+-----------------------------+----------------------------+----------------------------+-----------------------------+-----------------------------+--------------------+--------------------+-------------------------------------+-------------------------------------+----------------------------+----------------------------+---------------------------+---------------------------+
; Pin ; I/O Standard ; Board Delay on Rise ; Board Delay on Fall ; Steady State Voh at FPGA Pin ; Steady State Vol at FPGA Pin ; Voh Max at FPGA Pin ; Vol Min at FPGA Pin ; Ringback Voltage on Rise at FPGA Pin ; Ringback Voltage on Fall at FPGA Pin ; 10-90 Rise Time at FPGA Pin ; 90-10 Fall Time at FPGA Pin ; Monotonic Rise at FPGA Pin ; Monotonic Fall at FPGA Pin ; Steady State Voh at Far-end ; Steady State Vol at Far-end ; Voh Max at Far-end ; Vol Min at Far-end ; Ringback Voltage on Rise at Far-end ; Ringback Voltage on Fall at Far-end ; 10-90 Rise Time at Far-end ; 90-10 Fall Time at Far-end ; Monotonic Rise at Far-end ; Monotonic Fall at Far-end ;
+-----+--------------+---------------------+---------------------+------------------------------+------------------------------+---------------------+---------------------+--------------------------------------+--------------------------------------+-----------------------------+-----------------------------+----------------------------+----------------------------+-----------------------------+-----------------------------+--------------------+--------------------+-------------------------------------+-------------------------------------+----------------------------+----------------------------+---------------------------+---------------------------+
; Q0  ; 2.5 V        ; 0 s                 ; 0 s                 ; 2.32 V                       ; 1.04e-05 V                   ; 2.38 V              ; -0.027 V            ; 0.226 V                              ; 0.08 V                               ; 4.84e-10 s                  ; 5.18e-10 s                  ; No                         ; Yes                        ; 2.32 V                      ; 1.04e-05 V                  ; 2.38 V             ; -0.027 V           ; 0.226 V                             ; 0.08 V                              ; 4.84e-10 s                 ; 5.18e-10 s                 ; No                        ; Yes                       ;
; Q1  ; 2.5 V        ; 0 s                 ; 0 s                 ; 2.32 V                       ; 1.05e-05 V                   ; 2.37 V              ; -0.0225 V           ; 0.277 V                              ; 0.104 V                              ; 5.22e-10 s                  ; 6.28e-10 s                  ; No                         ; Yes                        ; 2.32 V                      ; 1.05e-05 V                  ; 2.37 V             ; -0.0225 V          ; 0.277 V                             ; 0.104 V                             ; 5.22e-10 s                 ; 6.28e-10 s                 ; No                        ; Yes                       ;
; Q2  ; 2.5 V        ; 0 s                 ; 0 s                 ; 2.32 V                       ; 9.38e-06 V                   ; 2.34 V              ; -0.00733 V          ; 0.234 V                              ; 0.071 V                              ; 5.36e-10 s                  ; 5.75e-10 s                  ; No                         ; Yes                        ; 2.32 V                      ; 9.38e-06 V                  ; 2.34 V             ; -0.00733 V         ; 0.234 V                             ; 0.071 V                             ; 5.36e-10 s                 ; 5.75e-10 s                 ; No                        ; Yes                       ;
; Q3  ; 2.5 V        ; 0 s                 ; 0 s                 ; 2.32 V                       ; 1.04e-05 V                   ; 2.38 V              ; -0.0273 V           ; 0.226 V                              ; 0.08 V                               ; 4.84e-10 s                  ; 5.19e-10 s                  ; No                         ; Yes                        ; 2.32 V                      ; 1.04e-05 V                  ; 2.38 V             ; -0.0273 V          ; 0.226 V                             ; 0.08 V                              ; 4.84e-10 s                 ; 5.19e-10 s                 ; No                        ; Yes                       ;
+-----+--------------+---------------------+---------------------+------------------------------+------------------------------+---------------------+---------------------+--------------------------------------+--------------------------------------+-----------------------------+-----------------------------+----------------------------+----------------------------+-----------------------------+-----------------------------+--------------------+--------------------+-------------------------------------+-------------------------------------+----------------------------+----------------------------+---------------------------+---------------------------+


+----------------------------------------------------------------------------------------------------------------------------------------------------------------------------------------------------------------------------------------------------------------------------------------------------------------------------------------------------------------------------------------------------------------------------------------------------------------------------------------------------------------------------------------------------------------------------------------------------------------------------------------------------------------------------------+
; Signal Integrity Metrics (Fast 1100mv 0c Model)                                                                                                                                                                                                                                                                                                                                                                                                                                                                                                                                                                                                                                  ;
+-----+--------------+---------------------+---------------------+------------------------------+------------------------------+---------------------+---------------------+--------------------------------------+--------------------------------------+-----------------------------+-----------------------------+----------------------------+----------------------------+-----------------------------+-----------------------------+--------------------+--------------------+-------------------------------------+-------------------------------------+----------------------------+----------------------------+---------------------------+---------------------------+
; Pin ; I/O Standard ; Board Delay on Rise ; Board Delay on Fall ; Steady State Voh at FPGA Pin ; Steady State Vol at FPGA Pin ; Voh Max at FPGA Pin ; Vol Min at FPGA Pin ; Ringback Voltage on Rise at FPGA Pin ; Ringback Voltage on Fall at FPGA Pin ; 10-90 Rise Time at FPGA Pin ; 90-10 Fall Time at FPGA Pin ; Monotonic Rise at FPGA Pin ; Monotonic Fall at FPGA Pin ; Steady State Voh at Far-end ; Steady State Vol at Far-end ; Voh Max at Far-end ; Vol Min at Far-end ; Ringback Voltage on Rise at Far-end ; Ringback Voltage on Fall at Far-end ; 10-90 Rise Time at Far-end ; 90-10 Fall Time at Far-end ; Monotonic Rise at Far-end ; Monotonic Fall at Far-end ;
+-----+--------------+---------------------+---------------------+------------------------------+------------------------------+---------------------+---------------------+--------------------------------------+--------------------------------------+-----------------------------+-----------------------------+----------------------------+----------------------------+-----------------------------+-----------------------------+--------------------+--------------------+-------------------------------------+-------------------------------------+----------------------------+----------------------------+---------------------------+---------------------------+
; Q0  ; 2.5 V        ; 0 s                 ; 0 s                 ; 2.75 V                       ; 4.14e-06 V                   ; 2.91 V              ; -0.121 V            ; 0.326 V                              ; 0.297 V                              ; 2.74e-10 s                  ; 2.8e-10 s                   ; No                         ; No                         ; 2.75 V                      ; 4.14e-06 V                  ; 2.91 V             ; -0.121 V           ; 0.326 V                             ; 0.297 V                             ; 2.74e-10 s                 ; 2.8e-10 s                  ; No                        ; No                        ;
; Q1  ; 2.5 V        ; 0 s                 ; 0 s                 ; 2.75 V                       ; 4.25e-06 V                   ; 2.9 V               ; -0.107 V            ; 0.378 V                              ; 0.16 V                               ; 2.87e-10 s                  ; 4.28e-10 s                  ; No                         ; No                         ; 2.75 V                      ; 4.25e-06 V                  ; 2.9 V              ; -0.107 V           ; 0.378 V                             ; 0.16 V                              ; 2.87e-10 s                 ; 4.28e-10 s                 ; No                        ; No                        ;
; Q2  ; 2.5 V        ; 0 s                 ; 0 s                 ; 2.75 V                       ; 3.54e-06 V                   ; 2.81 V              ; -0.0578 V           ; 0.303 V                              ; 0.28 V                               ; 2.93e-10 s                  ; 3.01e-10 s                  ; No                         ; No                         ; 2.75 V                      ; 3.54e-06 V                  ; 2.81 V             ; -0.0578 V          ; 0.303 V                             ; 0.28 V                              ; 2.93e-10 s                 ; 3.01e-10 s                 ; No                        ; No                        ;
; Q3  ; 2.5 V        ; 0 s                 ; 0 s                 ; 2.75 V                       ; 4.14e-06 V                   ; 2.91 V              ; -0.119 V            ; 0.326 V                              ; 0.298 V                              ; 2.74e-10 s                  ; 2.8e-10 s                   ; No                         ; No                         ; 2.75 V                      ; 4.14e-06 V                  ; 2.91 V             ; -0.119 V           ; 0.326 V                             ; 0.298 V                             ; 2.74e-10 s                 ; 2.8e-10 s                  ; No                        ; No                        ;
+-----+--------------+---------------------+---------------------+------------------------------+------------------------------+---------------------+---------------------+--------------------------------------+--------------------------------------+-----------------------------+-----------------------------+----------------------------+----------------------------+-----------------------------+-----------------------------+--------------------+--------------------+-------------------------------------+-------------------------------------+----------------------------+----------------------------+---------------------------+---------------------------+


+----------------------------------------------------------------------------------------------------------------------------------------------------------------------------------------------------------------------------------------------------------------------------------------------------------------------------------------------------------------------------------------------------------------------------------------------------------------------------------------------------------------------------------------------------------------------------------------------------------------------------------------------------------------------------------+
; Signal Integrity Metrics (Fast 1100mv 85c Model)                                                                                                                                                                                                                                                                                                                                                                                                                                                                                                                                                                                                                                 ;
+-----+--------------+---------------------+---------------------+------------------------------+------------------------------+---------------------+---------------------+--------------------------------------+--------------------------------------+-----------------------------+-----------------------------+----------------------------+----------------------------+-----------------------------+-----------------------------+--------------------+--------------------+-------------------------------------+-------------------------------------+----------------------------+----------------------------+---------------------------+---------------------------+
; Pin ; I/O Standard ; Board Delay on Rise ; Board Delay on Fall ; Steady State Voh at FPGA Pin ; Steady State Vol at FPGA Pin ; Voh Max at FPGA Pin ; Vol Min at FPGA Pin ; Ringback Voltage on Rise at FPGA Pin ; Ringback Voltage on Fall at FPGA Pin ; 10-90 Rise Time at FPGA Pin ; 90-10 Fall Time at FPGA Pin ; Monotonic Rise at FPGA Pin ; Monotonic Fall at FPGA Pin ; Steady State Voh at Far-end ; Steady State Vol at Far-end ; Voh Max at Far-end ; Vol Min at Far-end ; Ringback Voltage on Rise at Far-end ; Ringback Voltage on Fall at Far-end ; 10-90 Rise Time at Far-end ; 90-10 Fall Time at Far-end ; Monotonic Rise at Far-end ; Monotonic Fall at Far-end ;
+-----+--------------+---------------------+---------------------+------------------------------+------------------------------+---------------------+---------------------+--------------------------------------+--------------------------------------+-----------------------------+-----------------------------+----------------------------+----------------------------+-----------------------------+-----------------------------+--------------------+--------------------+-------------------------------------+-------------------------------------+----------------------------+----------------------------+---------------------------+---------------------------+
; Q0  ; 2.5 V        ; 0 s                 ; 0 s                 ; 2.75 V                       ; 0.000242 V                   ; 2.86 V              ; -0.0814 V           ; 0.36 V                               ; 0.156 V                              ; 3e-10 s                     ; 4.34e-10 s                  ; No                         ; No                         ; 2.75 V                      ; 0.000242 V                  ; 2.86 V             ; -0.0814 V          ; 0.36 V                              ; 0.156 V                             ; 3e-10 s                    ; 4.34e-10 s                 ; No                        ; No                        ;
; Q1  ; 2.5 V        ; 0 s                 ; 0 s                 ; 2.75 V                       ; 0.000247 V                   ; 2.85 V              ; -0.0711 V           ; 0.204 V                              ; 0.181 V                              ; 4.55e-10 s                  ; 4.49e-10 s                  ; No                         ; No                         ; 2.75 V                      ; 0.000247 V                  ; 2.85 V             ; -0.0711 V          ; 0.204 V                             ; 0.181 V                             ; 4.55e-10 s                 ; 4.49e-10 s                 ; No                        ; No                        ;
; Q2  ; 2.5 V        ; 0 s                 ; 0 s                 ; 2.75 V                       ; 0.000213 V                   ; 2.79 V              ; -0.0324 V           ; 0.139 V                              ; 0.119 V                              ; 4.42e-10 s                  ; 4.33e-10 s                  ; No                         ; Yes                        ; 2.75 V                      ; 0.000213 V                  ; 2.79 V             ; -0.0324 V          ; 0.139 V                             ; 0.119 V                             ; 4.42e-10 s                 ; 4.33e-10 s                 ; No                        ; Yes                       ;
; Q3  ; 2.5 V        ; 0 s                 ; 0 s                 ; 2.75 V                       ; 0.000242 V                   ; 2.86 V              ; -0.0805 V           ; 0.358 V                              ; 0.156 V                              ; 3.01e-10 s                  ; 4.34e-10 s                  ; No                         ; No                         ; 2.75 V                      ; 0.000242 V                  ; 2.86 V             ; -0.0805 V          ; 0.358 V                             ; 0.156 V                             ; 3.01e-10 s                 ; 4.34e-10 s                 ; No                        ; No                        ;
+-----+--------------+---------------------+---------------------+------------------------------+------------------------------+---------------------+---------------------+--------------------------------------+--------------------------------------+-----------------------------+-----------------------------+----------------------------+----------------------------+-----------------------------+-----------------------------+--------------------+--------------------+-------------------------------------+-------------------------------------+----------------------------+----------------------------+---------------------------+---------------------------+


+-------------------------------------------------------------------------------------------------------+
; Setup Transfers                                                                                       ;
+-----------------------------+-----------------------------+----------+----------+----------+----------+
; From Clock                  ; To Clock                    ; RR Paths ; FR Paths ; RF Paths ; FF Paths ;
+-----------------------------+-----------------------------+----------+----------+----------+----------+
; JK_flipflop:mod2_counter|Q  ; InvCp0                      ; 0        ; 0        ; 1        ; 1        ;
; JK_flipflop:mod8_counter1|Q ; JK_flipflop:mod2_counter|Q  ; 0        ; 0        ; 1        ; 1        ;
; JK_flipflop:mod8_counter2|Q ; JK_flipflop:mod8_counter1|Q ; 0        ; 0        ; 1        ; 1        ;
; JK_flipflop:mod8_counter2|Q ; JK_flipflop:mod8_counter2|Q ; 0        ; 0        ; 0        ; 1        ;
+-----------------------------+-----------------------------+----------+----------+----------+----------+
Entries labeled "false path" only account for clock-to-clock false paths and not path-based false paths. As a result, actual path counts may be lower than reported.


+-------------------------------------------------------------------------------------------------------+
; Hold Transfers                                                                                        ;
+-----------------------------+-----------------------------+----------+----------+----------+----------+
; From Clock                  ; To Clock                    ; RR Paths ; FR Paths ; RF Paths ; FF Paths ;
+-----------------------------+-----------------------------+----------+----------+----------+----------+
; JK_flipflop:mod2_counter|Q  ; InvCp0                      ; 0        ; 0        ; 1        ; 1        ;
; JK_flipflop:mod8_counter1|Q ; JK_flipflop:mod2_counter|Q  ; 0        ; 0        ; 1        ; 1        ;
; JK_flipflop:mod8_counter2|Q ; JK_flipflop:mod8_counter1|Q ; 0        ; 0        ; 1        ; 1        ;
; JK_flipflop:mod8_counter2|Q ; JK_flipflop:mod8_counter2|Q ; 0        ; 0        ; 0        ; 1        ;
+-----------------------------+-----------------------------+----------+----------+----------+----------+
Entries labeled "false path" only account for clock-to-clock false paths and not path-based false paths. As a result, actual path counts may be lower than reported.


+-------------------------------------------------------------------------------------------------------+
; Recovery Transfers                                                                                    ;
+-----------------------------+-----------------------------+----------+----------+----------+----------+
; From Clock                  ; To Clock                    ; RR Paths ; FR Paths ; RF Paths ; FF Paths ;
+-----------------------------+-----------------------------+----------+----------+----------+----------+
; JK_flipflop:mod8_counter1|Q ; InvCp0                      ; 0        ; 0        ; 1        ; 1        ;
; JK_flipflop:mod8_counter2|Q ; InvCp0                      ; 0        ; 0        ; 0        ; 1        ;
; JK_flipflop:mod8_counter1|Q ; JK_flipflop:mod2_counter|Q  ; 0        ; 0        ; 1        ; 1        ;
; JK_flipflop:mod8_counter2|Q ; JK_flipflop:mod2_counter|Q  ; 0        ; 0        ; 0        ; 1        ;
; JK_flipflop:mod8_counter1|Q ; JK_flipflop:mod8_counter1|Q ; 0        ; 0        ; 1        ; 1        ;
; JK_flipflop:mod8_counter2|Q ; JK_flipflop:mod8_counter1|Q ; 0        ; 0        ; 0        ; 1        ;
; JK_flipflop:mod8_counter1|Q ; JK_flipflop:mod8_counter2|Q ; 0        ; 0        ; 1        ; 1        ;
; JK_flipflop:mod8_counter2|Q ; JK_flipflop:mod8_counter2|Q ; 0        ; 0        ; 0        ; 1        ;
+-----------------------------+-----------------------------+----------+----------+----------+----------+
Entries labeled "false path" only account for clock-to-clock false paths and not path-based false paths. As a result, actual path counts may be lower than reported.


+-------------------------------------------------------------------------------------------------------+
; Removal Transfers                                                                                     ;
+-----------------------------+-----------------------------+----------+----------+----------+----------+
; From Clock                  ; To Clock                    ; RR Paths ; FR Paths ; RF Paths ; FF Paths ;
+-----------------------------+-----------------------------+----------+----------+----------+----------+
; JK_flipflop:mod8_counter1|Q ; InvCp0                      ; 0        ; 0        ; 1        ; 1        ;
; JK_flipflop:mod8_counter2|Q ; InvCp0                      ; 0        ; 0        ; 0        ; 1        ;
; JK_flipflop:mod8_counter1|Q ; JK_flipflop:mod2_counter|Q  ; 0        ; 0        ; 1        ; 1        ;
; JK_flipflop:mod8_counter2|Q ; JK_flipflop:mod2_counter|Q  ; 0        ; 0        ; 0        ; 1        ;
; JK_flipflop:mod8_counter1|Q ; JK_flipflop:mod8_counter1|Q ; 0        ; 0        ; 1        ; 1        ;
; JK_flipflop:mod8_counter2|Q ; JK_flipflop:mod8_counter1|Q ; 0        ; 0        ; 0        ; 1        ;
; JK_flipflop:mod8_counter1|Q ; JK_flipflop:mod8_counter2|Q ; 0        ; 0        ; 1        ; 1        ;
; JK_flipflop:mod8_counter2|Q ; JK_flipflop:mod8_counter2|Q ; 0        ; 0        ; 0        ; 1        ;
+-----------------------------+-----------------------------+----------+----------+----------+----------+
Entries labeled "false path" only account for clock-to-clock false paths and not path-based false paths. As a result, actual path counts may be lower than reported.


---------------
; Report TCCS ;
---------------
No dedicated SERDES Transmitter circuitry present in device or used in design


---------------
; Report RSKM ;
---------------
No non-DPA dedicated SERDES Receiver circuitry present in device or used in design


+------------------------------------------------+
; Unconstrained Paths Summary                    ;
+---------------------------------+-------+------+
; Property                        ; Setup ; Hold ;
+---------------------------------+-------+------+
; Illegal Clocks                  ; 0     ; 0    ;
; Unconstrained Clocks            ; 0     ; 0    ;
; Unconstrained Input Ports       ; 0     ; 0    ;
; Unconstrained Input Port Paths  ; 0     ; 0    ;
; Unconstrained Output Ports      ; 4     ; 4    ;
; Unconstrained Output Port Paths ; 4     ; 4    ;
+---------------------------------+-------+------+


+--------------------------------------------------------------------------------+
; Clock Status Summary                                                           ;
+-----------------------------+-----------------------------+------+-------------+
; Target                      ; Clock                       ; Type ; Status      ;
+-----------------------------+-----------------------------+------+-------------+
; InvCp0                      ; InvCp0                      ; Base ; Constrained ;
; JK_flipflop:mod2_counter|Q  ; JK_flipflop:mod2_counter|Q  ; Base ; Constrained ;
; JK_flipflop:mod8_counter1|Q ; JK_flipflop:mod8_counter1|Q ; Base ; Constrained ;
; JK_flipflop:mod8_counter2|Q ; JK_flipflop:mod8_counter2|Q ; Base ; Constrained ;
+-----------------------------+-----------------------------+------+-------------+


+-----------------------------------------------------------------------------------------------------+
; Unconstrained Output Ports                                                                          ;
+-------------+---------------------------------------------------------------------------------------+
; Output Port ; Comment                                                                               ;
+-------------+---------------------------------------------------------------------------------------+
; Q0          ; No output delay, min/max delays, false-path exceptions, or max skew assignments found ;
; Q1          ; No output delay, min/max delays, false-path exceptions, or max skew assignments found ;
; Q2          ; No output delay, min/max delays, false-path exceptions, or max skew assignments found ;
; Q3          ; No output delay, min/max delays, false-path exceptions, or max skew assignments found ;
+-------------+---------------------------------------------------------------------------------------+


+-----------------------------------------------------------------------------------------------------+
; Unconstrained Output Ports                                                                          ;
+-------------+---------------------------------------------------------------------------------------+
; Output Port ; Comment                                                                               ;
+-------------+---------------------------------------------------------------------------------------+
; Q0          ; No output delay, min/max delays, false-path exceptions, or max skew assignments found ;
; Q1          ; No output delay, min/max delays, false-path exceptions, or max skew assignments found ;
; Q2          ; No output delay, min/max delays, false-path exceptions, or max skew assignments found ;
; Q3          ; No output delay, min/max delays, false-path exceptions, or max skew assignments found ;
+-------------+---------------------------------------------------------------------------------------+


+--------------------------+
; Timing Analyzer Messages ;
+--------------------------+
Info: *******************************************************************
Info: Running Quartus Prime Timing Analyzer
    Info: Version 20.1.1 Build 720 11/11/2020 SJ Lite Edition
    Info: Processing started: Sat Jul 06 11:20:31 2024
Info: Command: quartus_sta Counter_lab6_74ls93 -c Counter_lab6_74ls93
Info: qsta_default_script.tcl version: #1
Warning (18236): Number of processors has not been specified which may cause overloading on shared machines.  Set the global assignment NUM_PARALLEL_PROCESSORS in your QSF to an appropriate value for best performance.
Info (20030): Parallel compilation is enabled and will use 4 of the 4 processors detected
Info (21077): Low junction temperature is 0 degrees C
Info (21077): High junction temperature is 85 degrees C
Critical Warning (332012): Synopsys Design Constraints File file not found: 'Counter_lab6_74ls93.sdc'. A Synopsys Design Constraints File is required by the Timing Analyzer to get proper timing constraints. Without it, the Compiler will not properly optimize the design.
Info (332142): No user constrained base clocks found in the design. Calling "derive_clocks -period 1.0"
Info (332105): Deriving Clocks
    Info (332105): create_clock -period 1.000 -name InvCp0 InvCp0
    Info (332105): create_clock -period 1.000 -name JK_flipflop:mod2_counter|Q JK_flipflop:mod2_counter|Q
    Info (332105): create_clock -period 1.000 -name JK_flipflop:mod8_counter2|Q JK_flipflop:mod8_counter2|Q
    Info (332105): create_clock -period 1.000 -name JK_flipflop:mod8_counter1|Q JK_flipflop:mod8_counter1|Q
Info (332143): No user constrained clock uncertainty found in the design. Calling "derive_clock_uncertainty"
Info (332123): Deriving Clock Uncertainty. Please refer to report_sdc in the Timing Analyzer to see clock uncertainties.
Info: Found TIMING_ANALYZER_REPORT_SCRIPT_INCLUDE_DEFAULT_ANALYSIS = ON
Info: Analyzing Slow 1100mV 85C Model
Critical Warning (332148): Timing requirements not met
    Info (11105): For recommendations on closing timing, run Report Timing Closure Recommendations in the Timing Analyzer.
Info (332146): Worst-case setup slack is -3.408
    Info (332119):     Slack       End Point TNS Clock 
    Info (332119): ========= =================== =====================
    Info (332119):    -3.408              -3.408 InvCp0 
    Info (332119):    -2.178              -2.178 JK_flipflop:mod2_counter|Q 
    Info (332119):    -2.115              -2.115 JK_flipflop:mod8_counter1|Q 
    Info (332119):    -1.360              -1.360 JK_flipflop:mod8_counter2|Q 
Info (332146): Worst-case hold slack is 0.506
    Info (332119):     Slack       End Point TNS Clock 
    Info (332119): ========= =================== =====================
    Info (332119):     0.506               0.000 JK_flipflop:mod8_counter2|Q 
    Info (332119):     0.557               0.000 JK_flipflop:mod8_counter1|Q 
    Info (332119):     0.619               0.000 JK_flipflop:mod2_counter|Q 
    Info (332119):     1.253               0.000 InvCp0 
Info (332146): Worst-case recovery slack is -5.504
    Info (332119):     Slack       End Point TNS Clock 
    Info (332119): ========= =================== =====================
    Info (332119):    -5.504              -5.504 JK_flipflop:mod8_counter2|Q 
    Info (332119):    -3.535              -3.535 JK_flipflop:mod8_counter1|Q 
    Info (332119):    -3.471              -3.471 InvCp0 
    Info (332119):    -3.373              -3.373 JK_flipflop:mod2_counter|Q 
Info (332146): Worst-case removal slack is 1.239
    Info (332119):     Slack       End Point TNS Clock 
    Info (332119): ========= =================== =====================
    Info (332119):     1.239               0.000 InvCp0 
    Info (332119):     1.829               0.000 JK_flipflop:mod2_counter|Q 
    Info (332119):     2.018               0.000 JK_flipflop:mod8_counter1|Q 
    Info (332119):     3.858               0.000 JK_flipflop:mod8_counter2|Q 
Info (332146): Worst-case minimum pulse width slack is -0.724
    Info (332119):     Slack       End Point TNS Clock 
    Info (332119): ========= =================== =====================
    Info (332119):    -0.724              -1.288 JK_flipflop:mod8_counter1|Q 
    Info (332119):    -0.724              -1.270 JK_flipflop:mod8_counter2|Q 
    Info (332119):    -0.724              -1.208 InvCp0 
    Info (332119):    -0.724              -1.197 JK_flipflop:mod2_counter|Q 
Info: Analyzing Slow 1100mV 0C Model
Info (334003): Started post-fitting delay annotation
Info (334004): Delay annotation completed successfully
Info (332123): Deriving Clock Uncertainty. Please refer to report_sdc in the Timing Analyzer to see clock uncertainties.
Critical Warning (332148): Timing requirements not met
    Info (11105): For recommendations on closing timing, run Report Timing Closure Recommendations in the Timing Analyzer.
Info (332146): Worst-case setup slack is -3.079
    Info (332119):     Slack       End Point TNS Clock 
    Info (332119): ========= =================== =====================
    Info (332119):    -3.079              -3.079 InvCp0 
    Info (332119):    -2.194              -2.194 JK_flipflop:mod8_counter1|Q 
    Info (332119):    -2.074              -2.074 JK_flipflop:mod2_counter|Q 
    Info (332119):    -1.279              -1.279 JK_flipflop:mod8_counter2|Q 
Info (332146): Worst-case hold slack is 0.527
    Info (332119):     Slack       End Point TNS Clock 
    Info (332119): ========= =================== =====================
    Info (332119):     0.527               0.000 JK_flipflop:mod2_counter|Q 
    Info (332119):     0.584               0.000 JK_flipflop:mod8_counter2|Q 
    Info (332119):     0.710               0.000 JK_flipflop:mod8_counter1|Q 
    Info (332119):     0.970               0.000 InvCp0 
Info (332146): Worst-case recovery slack is -5.311
    Info (332119):     Slack       End Point TNS Clock 
    Info (332119): ========= =================== =====================
    Info (332119):    -5.311              -5.311 JK_flipflop:mod8_counter2|Q 
    Info (332119):    -3.302              -3.302 JK_flipflop:mod8_counter1|Q 
    Info (332119):    -3.174              -3.174 InvCp0 
    Info (332119):    -3.062              -3.062 JK_flipflop:mod2_counter|Q 
Info (332146): Worst-case removal slack is 0.938
    Info (332119):     Slack       End Point TNS Clock 
    Info (332119): ========= =================== =====================
    Info (332119):     0.938               0.000 InvCp0 
    Info (332119):     1.791               0.000 JK_flipflop:mod2_counter|Q 
    Info (332119):     2.064               0.000 JK_flipflop:mod8_counter1|Q 
    Info (332119):     3.738               0.000 JK_flipflop:mod8_counter2|Q 
Info (332146): Worst-case minimum pulse width slack is -0.724
    Info (332119):     Slack       End Point TNS Clock 
    Info (332119): ========= =================== =====================
    Info (332119):    -0.724              -1.188 JK_flipflop:mod8_counter1|Q 
    Info (332119):    -0.724              -1.149 JK_flipflop:mod8_counter2|Q 
    Info (332119):    -0.724              -1.113 InvCp0 
    Info (332119):    -0.724              -1.110 JK_flipflop:mod2_counter|Q 
Info: Analyzing Fast 1100mV 85C Model
Info (334003): Started post-fitting delay annotation
Info (334004): Delay annotation completed successfully
Info (332123): Deriving Clock Uncertainty. Please refer to report_sdc in the Timing Analyzer to see clock uncertainties.
Critical Warning (332148): Timing requirements not met
    Info (11105): For recommendations on closing timing, run Report Timing Closure Recommendations in the Timing Analyzer.
Info (332146): Worst-case setup slack is -1.640
    Info (332119):     Slack       End Point TNS Clock 
    Info (332119): ========= =================== =====================
    Info (332119):    -1.640              -1.640 InvCp0 
    Info (332119):    -0.936              -0.936 JK_flipflop:mod2_counter|Q 
    Info (332119):    -0.753              -0.753 JK_flipflop:mod8_counter1|Q 
    Info (332119):    -0.151              -0.151 JK_flipflop:mod8_counter2|Q 
Info (332146): Worst-case hold slack is 0.002
    Info (332119):     Slack       End Point TNS Clock 
    Info (332119): ========= =================== =====================
    Info (332119):     0.002               0.000 JK_flipflop:mod8_counter1|Q 
    Info (332119):     0.091               0.000 JK_flipflop:mod2_counter|Q 
    Info (332119):     0.265               0.000 JK_flipflop:mod8_counter2|Q 
    Info (332119):     0.656               0.000 InvCp0 
Info (332146): Worst-case recovery slack is -2.761
    Info (332119):     Slack       End Point TNS Clock 
    Info (332119): ========= =================== =====================
    Info (332119):    -2.761              -2.761 JK_flipflop:mod8_counter2|Q 
    Info (332119):    -1.527              -1.527 InvCp0 
    Info (332119):    -1.526              -1.526 JK_flipflop:mod8_counter1|Q 
    Info (332119):    -1.454              -1.454 JK_flipflop:mod2_counter|Q 
Info (332146): Worst-case removal slack is 0.083
    Info (332119):     Slack       End Point TNS Clock 
    Info (332119): ========= =================== =====================
    Info (332119):     0.083               0.000 InvCp0 
    Info (332119):     0.506               0.000 JK_flipflop:mod2_counter|Q 
    Info (332119):     0.589               0.000 JK_flipflop:mod8_counter1|Q 
    Info (332119):     1.746               0.000 JK_flipflop:mod8_counter2|Q 
Info (332146): Worst-case minimum pulse width slack is -0.185
    Info (332119):     Slack       End Point TNS Clock 
    Info (332119): ========= =================== =====================
    Info (332119):    -0.185              -0.185 InvCp0 
    Info (332119):     0.092               0.000 JK_flipflop:mod8_counter1|Q 
    Info (332119):     0.134               0.000 JK_flipflop:mod8_counter2|Q 
    Info (332119):     0.136               0.000 JK_flipflop:mod2_counter|Q 
Info: Analyzing Fast 1100mV 0C Model
Info (332123): Deriving Clock Uncertainty. Please refer to report_sdc in the Timing Analyzer to see clock uncertainties.
Critical Warning (332148): Timing requirements not met
    Info (11105): For recommendations on closing timing, run Report Timing Closure Recommendations in the Timing Analyzer.
Info (332146): Worst-case setup slack is -1.223
    Info (332119):     Slack       End Point TNS Clock 
    Info (332119): ========= =================== =====================
    Info (332119):    -1.223              -1.223 InvCp0 
    Info (332119):    -0.839              -0.839 JK_flipflop:mod2_counter|Q 
    Info (332119):    -0.709              -0.709 JK_flipflop:mod8_counter1|Q 
    Info (332119):    -0.095              -0.095 JK_flipflop:mod8_counter2|Q 
Info (332146): Worst-case hold slack is -0.005
    Info (332119):     Slack       End Point TNS Clock 
    Info (332119): ========= =================== =====================
    Info (332119):    -0.005              -0.005 JK_flipflop:mod8_counter1|Q 
    Info (332119):     0.036               0.000 JK_flipflop:mod2_counter|Q 
    Info (332119):     0.251               0.000 JK_flipflop:mod8_counter2|Q 
    Info (332119):     0.315               0.000 InvCp0 
Info (332146): Worst-case recovery slack is -2.328
    Info (332119):     Slack       End Point TNS Clock 
    Info (332119): ========= =================== =====================
    Info (332119):    -2.328              -2.328 JK_flipflop:mod8_counter2|Q 
    Info (332119):    -1.341              -1.341 JK_flipflop:mod8_counter1|Q 
    Info (332119):    -1.265              -1.265 JK_flipflop:mod2_counter|Q 
    Info (332119):    -1.061              -1.061 InvCp0 
Info (332146): Worst-case removal slack is -0.132
    Info (332119):     Slack       End Point TNS Clock 
    Info (332119): ========= =================== =====================
    Info (332119):    -0.132              -0.132 InvCp0 
    Info (332119):     0.414               0.000 JK_flipflop:mod2_counter|Q 
    Info (332119):     0.499               0.000 JK_flipflop:mod8_counter1|Q 
    Info (332119):     1.559               0.000 JK_flipflop:mod8_counter2|Q 
Info (332146): Worst-case minimum pulse width slack is -0.231
    Info (332119):     Slack       End Point TNS Clock 
    Info (332119): ========= =================== =====================
    Info (332119):    -0.231              -0.231 InvCp0 
    Info (332119):     0.112               0.000 JK_flipflop:mod8_counter1|Q 
    Info (332119):     0.151               0.000 JK_flipflop:mod8_counter2|Q 
    Info (332119):     0.160               0.000 JK_flipflop:mod2_counter|Q 
Info (332102): Design is not fully constrained for setup requirements
Info (332102): Design is not fully constrained for hold requirements
Info: Quartus Prime Timing Analyzer was successful. 0 errors, 6 warnings
    Info: Peak virtual memory: 5172 megabytes
    Info: Processing ended: Sat Jul 06 11:20:37 2024
    Info: Elapsed time: 00:00:06
    Info: Total CPU time (on all processors): 00:00:02


